DEBUG:root: 2016-05-15-06.csv ETL Start
DEBUG:root: 2016-05-15-05.csv ETL Start
DEBUG:root: 

DEBUG:root: 

DEBUG:root: 2016-05-15-06.csv ETL Start
DEBUG:root: 2016-05-15-05.csv ETL Start
DEBUG:root: 

DEBUG:root: 

DEBUG:root:2016-05-15-06.csv ETL Start
DEBUG:root:

DEBUG:root:2016-05-15-05.csv ETL Start
DEBUG:root:

DEBUG:root:2016-05-15-06.csv ETL Start
DEBUG:root:2016-05-15-05.csv ETL Start
DEBUG:root:

DEBUG:root:

DEBUG:root:2016-05-15-06.csv ETL Start
DEBUG:root:2016-05-15-05.csv ETL Start
DEBUG:root:

DEBUG:root:

DEBUG:root:2016-05-15-06.csv ETL Start
DEBUG:root:2016-05-15-05.csv ETL Start
DEBUG:root:

DEBUG:root:

DEBUG:root:2016-05-15-06.csv ETL complete, elapsed time 0.003102
DEBUG:root:2016-05-15-05.csv ETL complete, elapsed time 0.003364
DEBUG:root:

DEBUG:root:

DEBUG:root:2016-05-15-06.csv ETL Start
DEBUG:root:

DEBUG:root:2016-05-15-05.csv ETL Start
DEBUG:root:

DEBUG:root:2016-05-15-06.csv ETL complete, elapsed time 0.003388
DEBUG:root:2016-05-15-05.csv ETL complete, elapsed time 0.003436
DEBUG:root:

DEBUG:root:

DEBUG:root:2016-05-15-06.csv ETL Start
DEBUG:root:2016-05-15-05.csv ETL Start
DEBUG:root:

DEBUG:root:

DEBUG:root:2016-05-15-06.csv ETL complete, elapsed time 0.002764
DEBUG:root:2016-05-15-05.csv ETL complete, elapsed time 0.003433
DEBUG:root:

DEBUG:root:

DEBUG:root:2016-05-15-06.csv ETL Start
DEBUG:root:

DEBUG:root:2016-05-15-05.csv ETL Start
DEBUG:root:

DEBUG:root:2016-05-15-06.csv ETL complete, elapsed time 0.003890
DEBUG:root:2016-05-15-05.csv ETL complete, elapsed time 0.004106
DEBUG:root:

DEBUG:root:

DEBUG:root:2016-05-15-06.csv ETL Start
DEBUG:root:

DEBUG:root:2016-05-15-05.csv ETL Start
DEBUG:root:

DEBUG:root:2016-05-15-06.csv ETL complete, elapsed time 0.004540
DEBUG:root:2016-05-15-05.csv ETL complete, elapsed time 0.004451
DEBUG:root:

DEBUG:root:

DEBUG:root:2016-05-15-06.csv ETL Start
DEBUG:root:2016-05-15-05.csv ETL Start
DEBUG:root:

DEBUG:root:

DEBUG:root:2016-05-15-06.csv ETL complete, elapsed time 0.004542
DEBUG:root:

DEBUG:root:2016-05-15-05.csv ETL complete, elapsed time 0.005214
DEBUG:root:

DEBUG:root:2016-05-15-06.csv ETL Start
DEBUG:root:2016-05-15-05.csv ETL Start
DEBUG:root:

DEBUG:root:

DEBUG:root:2016-05-15-06.csv ETL Start
DEBUG:root:2016-05-15-05.csv ETL Start
DEBUG:root:

DEBUG:root:

DEBUG:root:2016-05-15-06.csv ETL Start
DEBUG:root:2016-05-15-05.csv ETL Start
DEBUG:root:

DEBUG:root:

DEBUG:root:2016-05-15-05.csv ETL complete, elapsed time 0.004216
DEBUG:root:2016-05-15-06.csv ETL complete, elapsed time 0.005004
DEBUG:root:

DEBUG:root:

DEBUG:root:2016-05-15-06.csv ETL Start
DEBUG:root:2016-05-15-05.csv ETL Start
DEBUG:root:

DEBUG:root:

DEBUG:root:2016-05-15-06.csv ETL complete, elapsed time 0.003051
DEBUG:root:

DEBUG:root:2016-05-15-05.csv ETL complete, elapsed time 0.003338
DEBUG:root:

DEBUG:root:2016-05-15-06.csv ETL Start
DEBUG:root:

DEBUG:root:2016-05-15-05.csv ETL Start
DEBUG:root:

DEBUG:root:2016-05-15-06.csv ETL complete, elapsed time 0.002773
DEBUG:root:

DEBUG:root:2016-05-15-05.csv ETL complete, elapsed time 0.003292
DEBUG:root:

DEBUG:root:2016-05-15-06.csv ETL Start
DEBUG:root:

DEBUG:root:2016-05-15-05.csv ETL Start
DEBUG:root:

DEBUG:root:2016-05-15-05.csv ETL complete, elapsed time 0.002204
DEBUG:root:

DEBUG:root:2016-05-15-06.csv ETL complete, elapsed time 0.003568
DEBUG:root:

